# JRE version: OpenJDK Runtime Environment (8.0_152-b02) (build 1.8.0_152-release-1024-b02)
# Java VM: OpenJDK 64-Bit Server VM (25.152-b02 mixed mode windows-amd64 compressed oops)
Heap:
 PSYoungGen      total 49664K, used 19558K [0x00000000e0000000, 0x00000000e3e00000, 0x0000000100000000)
  eden space 41472K, 27% used [0x00000000e0000000,0x00000000e0b1ab80,0x00000000e2880000)
  from space 8192K, 99% used [0x00000000e3300000,0x00000000e3afec88,0x00000000e3b00000)
  to   space 10752K, 0% used [0x00000000e2880000,0x00000000e2880000,0x00000000e3300000)
 ParOldGen       total 43008K, used 17453K [0x00000000a0000000, 0x00000000a2a00000, 0x00000000e0000000)
  object space 43008K, 40% used [0x00000000a0000000,0x00000000a110b478,0x00000000a2a00000)
 Metaspace       used 39910K, capacity 40968K, committed 41176K, reserved 1085440K
  class space    used 5439K, capacity 5782K, committed 5888K, reserved 1048576K
GC Heap History (10 events):
Event: 99.354 GC heap before
{Heap before GC invocations=16 (full 1):
 PSYoungGen      total 41984K, used 31781K [0x00000000e0000000, 0x00000000e3080000, 0x0000000100000000)
  eden space 35328K, 73% used [0x00000000e0000000,0x00000000e1942418,0x00000000e2280000)
  from space 6656K, 88% used [0x00000000e2a00000,0x00000000e2fc7168,0x00000000e3080000)
  to   space 7168K, 0% used [0x00000000e2280000,0x00000000e2280000,0x00000000e2980000)
 ParOldGen       total 37376K, used 10690K [0x00000000a0000000, 0x00000000a2480000, 0x00000000e0000000)
  object space 37376K, 28% used [0x00000000a0000000,0x00000000a0a709a0,0x00000000a2480000)
 Metaspace       used 34828K, capacity 35402K, committed 35416K, reserved 1079296K
  class space    used 4757K, capacity 4984K, committed 4992K, reserved 1048576K
Event: 99.365 GC heap after
Heap after GC invocations=16 (full 1):
 PSYoungGen      total 42496K, used 6699K [0x00000000e0000000, 0x00000000e3a80000, 0x0000000100000000)
  eden space 35328K, 0% used [0x00000000e0000000,0x00000000e0000000,0x00000000e2280000)
  from space 7168K, 93% used [0x00000000e2280000,0x00000000e290ac60,0x00000000e2980000)
  to   space 7680K, 0% used [0x00000000e3300000,0x00000000e3300000,0x00000000e3a80000)
 ParOldGen       total 37376K, used 11494K [0x00000000a0000000, 0x00000000a2480000, 0x00000000e0000000)
  object space 37376K, 30% used [0x00000000a0000000,0x00000000a0b399b0,0x00000000a2480000)
 Metaspace       used 34828K, capacity 35402K, committed 35416K, reserved 1079296K
  class space    used 4757K, capacity 4984K, committed 4992K, reserved 1048576K
}
Event: 99.365 GC heap before
{Heap before GC invocations=17 (full 2):
 PSYoungGen      total 42496K, used 6699K [0x00000000e0000000, 0x00000000e3a80000, 0x0000000100000000)
  eden space 35328K, 0% used [0x00000000e0000000,0x00000000e0000000,0x00000000e2280000)
  from space 7168K, 93% used [0x00000000e2280000,0x00000000e290ac60,0x00000000e2980000)
  to   space 7680K, 0% used [0x00000000e3300000,0x00000000e3300000,0x00000000e3a80000)
 ParOldGen       total 37376K, used 11494K [0x00000000a0000000, 0x00000000a2480000, 0x00000000e0000000)
  object space 37376K, 30% used [0x00000000a0000000,0x00000000a0b399b0,0x00000000a2480000)
 Metaspace       used 34828K, capacity 35402K, committed 35416K, reserved 1079296K
  class space    used 4757K, capacity 4984K, committed 4992K, reserved 1048576K
Event: 99.465 GC heap after
Heap after GC invocations=17 (full 2):
 PSYoungGen      total 42496K, used 0K [0x00000000e0000000, 0x00000000e3a80000, 0x0000000100000000)
  eden space 35328K, 0% used [0x00000000e0000000,0x00000000e0000000,0x00000000e2280000)
  from space 7168K, 0% used [0x00000000e2280000,0x00000000e2280000,0x00000000e2980000)
  to   space 7680K, 0% used [0x00000000e3300000,0x00000000e3300000,0x00000000e3a80000)
 ParOldGen       total 43008K, used 15289K [0x00000000a0000000, 0x00000000a2a00000, 0x00000000e0000000)
  object space 43008K, 35% used [0x00000000a0000000,0x00000000a0eee688,0x00000000a2a00000)
 Metaspace       used 34828K, capacity 35402K, committed 35416K, reserved 1079296K
  class space    used 4757K, capacity 4984K, committed 4992K, reserved 1048576K
}
Event: 100.128 GC heap before
{Heap before GC invocations=18 (full 2):
 PSYoungGen      total 42496K, used 35328K [0x00000000e0000000, 0x00000000e3a80000, 0x0000000100000000)
  eden space 35328K, 100% used [0x00000000e0000000,0x00000000e2280000,0x00000000e2280000)
  from space 7168K, 0% used [0x00000000e2280000,0x00000000e2280000,0x00000000e2980000)
  to   space 7680K, 0% used [0x00000000e3300000,0x00000000e3300000,0x00000000e3a80000)
 ParOldGen       total 43008K, used 15289K [0x00000000a0000000, 0x00000000a2a00000, 0x00000000e0000000)
  object space 43008K, 35% used [0x00000000a0000000,0x00000000a0eee688,0x00000000a2a00000)
 Metaspace       used 35430K, capacity 35978K, committed 36056K, reserved 1081344K
  class space    used 4823K, capacity 5048K, committed 5120K, reserved 1048576K
Event: 100.137 GC heap after
Heap after GC invocations=18 (full 2):
 PSYoungGen      total 51712K, used 1945K [0x00000000e0000000, 0x00000000e3f80000, 0x0000000100000000)
  eden space 44032K, 0% used [0x00000000e0000000,0x00000000e0000000,0x00000000e2b00000)
  from space 7680K, 25% used [0x00000000e3300000,0x00000000e34e64c0,0x00000000e3a80000)
  to   space 8192K, 0% used [0x00000000e2b00000,0x00000000e2b00000,0x00000000e3300000)
 ParOldGen       total 43008K, used 15297K [0x00000000a0000000, 0x00000000a2a00000, 0x00000000e0000000)
  object space 43008K, 35% used [0x00000000a0000000,0x00000000a0ef0688,0x00000000a2a00000)
 Metaspace       used 35430K, capacity 35978K, committed 36056K, reserved 1081344K
  class space    used 4823K, capacity 5048K, committed 5120K, reserved 1048576K
}
Event: 113.273 GC heap before
{Heap before GC invocations=19 (full 2):
 PSYoungGen      total 51712K, used 45977K [0x00000000e0000000, 0x00000000e3f80000, 0x0000000100000000)
  eden space 44032K, 100% used [0x00000000e0000000,0x00000000e2b00000,0x00000000e2b00000)
  from space 7680K, 25% used [0x00000000e3300000,0x00000000e34e64c0,0x00000000e3a80000)
  to   space 8192K, 0% used [0x00000000e2b00000,0x00000000e2b00000,0x00000000e3300000)
 ParOldGen       total 43008K, used 15297K [0x00000000a0000000, 0x00000000a2a00000, 0x00000000e0000000)
  object space 43008K, 35% used [0x00000000a0000000,0x00000000a0ef0688,0x00000000a2a00000)
 Metaspace       used 38786K, capacity 39534K, committed 39768K, reserved 1083392K
  class space    used 5238K, capacity 5472K, committed 5504K, reserved 1048576K
Event: 113.292 GC heap after
Heap after GC invocations=19 (full 2):
 PSYoungGen      total 51200K, used 7799K [0x00000000e0000000, 0x00000000e3b00000, 0x0000000100000000)
  eden space 43008K, 0% used [0x00000000e0000000,0x00000000e0000000,0x00000000e2a00000)
  from space 8192K, 95% used [0x00000000e2b00000,0x00000000e329ddb8,0x00000000e3300000)
  to   space 8192K, 0% used [0x00000000e3300000,0x00000000e3300000,0x00000000e3b00000)
 ParOldGen       total 43008K, used 15305K [0x00000000a0000000, 0x00000000a2a00000, 0x00000000e0000000)
  object space 43008K, 35% used [0x00000000a0000000,0x00000000a0ef2688,0x00000000a2a00000)
 Metaspace       used 38786K, capacity 39534K, committed 39768K, reserved 1083392K
  class space    used 5238K, capacity 5472K, committed 5504K, reserved 1048576K
}
Event: 132.668 GC heap before
{Heap before GC invocations=20 (full 2):
 PSYoungGen      total 51200K, used 50807K [0x00000000e0000000, 0x00000000e3b00000, 0x0000000100000000)
  eden space 43008K, 100% used [0x00000000e0000000,0x00000000e2a00000,0x00000000e2a00000)
  from space 8192K, 95% used [0x00000000e2b00000,0x00000000e329ddb8,0x00000000e3300000)
  to   space 8192K, 0% used [0x00000000e3300000,0x00000000e3300000,0x00000000e3b00000)
 ParOldGen       total 43008K, used 15305K [0x00000000a0000000, 0x00000000a2a00000, 0x00000000e0000000)
  object space 43008K, 35% used [0x00000000a0000000,0x00000000a0ef2688,0x00000000a2a00000)
 Metaspace       used 39755K, capacity 40624K, committed 40792K, reserved 1085440K
  class space    used 5415K, capacity 5711K, committed 5760K, reserved 1048576K
Event: 132.698 GC heap after
Heap after GC invocations=20 (full 2):
 PSYoungGen      total 49664K, used 8187K [0x00000000e0000000, 0x00000000e3e00000, 0x0000000100000000)
  eden space 41472K, 0% used [0x00000000e0000000,0x00000000e0000000,0x00000000e2880000)
  from space 8192K, 99% used [0x00000000e3300000,0x00000000e3afec88,0x00000000e3b00000)
  to   space 10752K, 0% used [0x00000000e2880000,0x00000000e2880000,0x00000000e3300000)
 ParOldGen       total 43008K, used 17453K [0x00000000a0000000, 0x00000000a2a00000, 0x00000000e0000000)
  object space 43008K, 40% used [0x00000000a0000000,0x00000000a110b478,0x00000000a2a00000)
 Metaspace       used 39755K, capacity 40624K, committed 40792K, reserved 1085440K
  class space    used 5415K, capacity 5711K, committed 5760K, reserved 1048576K
}

